0 verbose cli /usr/bin/node /usr/bin/npm
1 info using npm@9.2.0
2 info using node@v18.19.0
3 timing npm:load:whichnode Completed in 0ms
4 timing config:load:defaults Completed in 2ms
5 timing config:load:file:/usr/share/nodejs/npm/npmrc Completed in 3ms
6 timing config:load:builtin Completed in 3ms
7 timing config:load:cli Completed in 2ms
8 timing config:load:env Completed in 0ms
9 timing config:load:project Completed in 1ms
10 timing config:load:file:/root/.npmrc Completed in 1ms
11 timing config:load:user Completed in 1ms
12 timing config:load:file:/etc/npmrc Completed in 0ms
13 timing config:load:global Completed in 0ms
14 timing config:load:setEnvs Completed in 1ms
15 timing config:load Completed in 10ms
16 timing npm:load:configload Completed in 10ms
17 timing npm:load:mkdirpcache Completed in 1ms
18 timing npm:load:mkdirplogs Completed in 0ms
19 verbose title npm install express body-parser axios
20 verbose argv "install" "express" "body-parser" "axios"
21 timing npm:load:setTitle Completed in 1ms
22 timing config:load:flatten Completed in 3ms
23 timing npm:load:display Completed in 5ms
24 verbose logfile logs-max:10 dir:/root/.npm/_logs/2024-09-17T19_24_58_818Z-
25 verbose logfile /root/.npm/_logs/2024-09-17T19_24_58_818Z-debug-0.log
26 timing npm:load:logFile Completed in 6ms
27 timing npm:load:timers Completed in 0ms
28 timing npm:load:configScope Completed in 0ms
29 timing npm:load Completed in 24ms
30 silly logfile done cleaning log files
31 timing config:load:flatten Completed in 0ms
32 timing arborist:ctor Completed in 1ms
33 timing arborist:ctor Completed in 0ms
34 timing idealTree:init Completed in 15ms
35 timing idealTree:userRequests Completed in 4ms
36 silly idealTree buildDeps
37 silly fetch manifest express@*
38 http fetch GET 200 https://registry.npmjs.org/express 180ms (cache miss)
39 silly fetch manifest body-parser@*
40 http fetch GET 200 https://registry.npmjs.org/body-parser 61ms (cache miss)
41 silly fetch manifest axios@*
42 http fetch GET 200 https://registry.npmjs.org/axios 55ms (cache miss)
43 silly placeDep ROOT axios@1.7.7 OK for: root@1.0.0 want: *
44 silly placeDep ROOT body-parser@1.20.3 OK for: root@1.0.0 want: *
45 silly placeDep ROOT express@4.21.0 OK for: root@1.0.0 want: *
46 silly fetch manifest follow-redirects@^1.15.6
47 silly fetch manifest form-data@^4.0.0
48 silly fetch manifest proxy-from-env@^1.1.0
49 silly fetch manifest qs@6.13.0
50 silly fetch manifest depd@2.0.0
51 silly fetch manifest bytes@3.1.2
52 silly fetch manifest debug@2.6.9
53 silly fetch manifest unpipe@1.0.0
54 silly fetch manifest destroy@1.2.0
55 silly fetch manifest type-is@~1.6.18
56 silly fetch manifest raw-body@2.5.2
57 silly fetch manifest iconv-lite@0.4.24
58 silly fetch manifest http-errors@2.0.0
59 silly fetch manifest on-finished@2.4.1
60 silly fetch manifest content-type@~1.0.5
61 silly fetch manifest accepts@~1.3.8
62 silly fetch manifest array-flatten@1.1.1
63 silly fetch manifest content-disposition@0.5.4
64 silly fetch manifest content-type@~1.0.4
65 silly fetch manifest cookie@0.6.0
66 silly fetch manifest cookie-signature@1.0.6
67 silly fetch manifest encodeurl@~2.0.0
68 silly fetch manifest escape-html@~1.0.3
69 silly fetch manifest etag@~1.8.1
70 silly fetch manifest finalhandler@1.3.1
71 silly fetch manifest fresh@0.5.2
72 silly fetch manifest merge-descriptors@1.0.3
73 silly fetch manifest methods@~1.1.2
74 silly fetch manifest parseurl@~1.3.3
75 silly fetch manifest path-to-regexp@0.1.10
76 silly fetch manifest proxy-addr@~2.0.7
77 silly fetch manifest range-parser@~1.2.1
78 silly fetch manifest safe-buffer@5.2.1
79 silly fetch manifest send@0.19.0
80 silly fetch manifest serve-static@1.16.2
81 silly fetch manifest setprototypeof@1.2.0
82 silly fetch manifest statuses@2.0.1
83 silly fetch manifest utils-merge@1.0.1
84 silly fetch manifest vary@~1.1.2
85 http fetch GET 200 https://registry.npmjs.org/follow-redirects 110ms (cache miss)
86 http fetch GET 200 https://registry.npmjs.org/proxy-from-env 177ms (cache miss)
87 http fetch GET 200 https://registry.npmjs.org/destroy 177ms (cache miss)
88 http fetch GET 200 https://registry.npmjs.org/accepts 179ms (cache miss)
89 http fetch GET 200 https://registry.npmjs.org/bytes 188ms (cache miss)
90 http fetch GET 200 https://registry.npmjs.org/unpipe 189ms (cache miss)
91 http fetch GET 200 https://registry.npmjs.org/on-finished 194ms (cache miss)
92 http fetch GET 200 https://registry.npmjs.org/content-type 195ms (cache miss)
93 http fetch GET 200 https://registry.npmjs.org/depd 205ms (cache miss)
94 http fetch GET 200 https://registry.npmjs.org/form-data 211ms (cache miss)
95 http fetch GET 200 https://registry.npmjs.org/content-type 208ms (cache miss)
96 http fetch GET 200 https://registry.npmjs.org/http-errors 216ms (cache miss)
97 http fetch GET 200 https://registry.npmjs.org/iconv-lite 216ms (cache miss)
98 http fetch GET 200 https://registry.npmjs.org/raw-body 223ms (cache miss)
99 http fetch GET 200 https://registry.npmjs.org/type-is 227ms (cache miss)
100 http fetch GET 200 https://registry.npmjs.org/debug 229ms (cache miss)
101 http fetch GET 200 https://registry.npmjs.org/content-disposition 226ms (cache miss)
102 http fetch GET 200 https://registry.npmjs.org/cookie 225ms (cache miss)
103 http fetch GET 200 https://registry.npmjs.org/cookie-signature 230ms (cache miss)
104 http fetch GET 200 https://registry.npmjs.org/escape-html 225ms (cache miss)
105 http fetch GET 200 https://registry.npmjs.org/merge-descriptors 222ms (cache miss)
106 http fetch GET 200 https://registry.npmjs.org/array-flatten 236ms (cache miss)
107 http fetch GET 200 https://registry.npmjs.org/fresh 232ms (cache miss)
108 http fetch GET 200 https://registry.npmjs.org/methods 234ms (cache miss)
109 http fetch GET 200 https://registry.npmjs.org/parseurl 234ms (cache miss)
110 http fetch GET 200 https://registry.npmjs.org/encodeurl 241ms (cache miss)
111 http fetch GET 200 https://registry.npmjs.org/proxy-addr 236ms (cache miss)
112 http fetch GET 200 https://registry.npmjs.org/etag 243ms (cache miss)
113 http fetch GET 200 https://registry.npmjs.org/safe-buffer 240ms (cache miss)
114 http fetch GET 200 https://registry.npmjs.org/qs 262ms (cache miss)
115 http fetch GET 200 https://registry.npmjs.org/finalhandler 247ms (cache miss)
116 http fetch GET 200 https://registry.npmjs.org/setprototypeof 241ms (cache miss)
117 http fetch GET 200 https://registry.npmjs.org/range-parser 244ms (cache miss)
118 http fetch GET 200 https://registry.npmjs.org/utils-merge 241ms (cache miss)
119 http fetch GET 200 https://registry.npmjs.org/statuses 243ms (cache miss)
120 http fetch GET 200 https://registry.npmjs.org/vary 242ms (cache miss)
121 http fetch GET 200 https://registry.npmjs.org/serve-static 245ms (cache miss)
122 http fetch GET 200 https://registry.npmjs.org/path-to-regexp 249ms (cache miss)
123 http fetch GET 200 https://registry.npmjs.org/send 266ms (cache miss)
124 timing idealTree:#root Completed in 615ms
125 silly placeDep ROOT follow-redirects@1.15.9 OK for: axios@1.7.7 want: ^1.15.6
126 silly placeDep ROOT form-data@4.0.0 OK for: axios@1.7.7 want: ^4.0.0
127 silly placeDep ROOT proxy-from-env@1.1.0 OK for: axios@1.7.7 want: ^1.1.0
128 silly fetch manifest asynckit@^0.4.0
129 silly fetch manifest combined-stream@^1.0.8
130 silly fetch manifest mime-types@^2.1.12
131 http fetch GET 200 https://registry.npmjs.org/asynckit 45ms (cache miss)
132 http fetch GET 200 https://registry.npmjs.org/mime-types 48ms (cache miss)
133 http fetch GET 200 https://registry.npmjs.org/combined-stream 59ms (cache miss)
134 timing idealTree:node_modules/axios Completed in 66ms
135 silly placeDep ROOT bytes@3.1.2 OK for: body-parser@1.20.3 want: 3.1.2
136 silly placeDep ROOT content-type@1.0.5 OK for: body-parser@1.20.3 want: ~1.0.5
137 silly placeDep ROOT debug@2.6.9 OK for: body-parser@1.20.3 want: 2.6.9
138 silly placeDep ROOT depd@2.0.0 OK for: body-parser@1.20.3 want: 2.0.0
139 silly placeDep ROOT destroy@1.2.0 OK for: body-parser@1.20.3 want: 1.2.0
140 silly placeDep ROOT http-errors@2.0.0 OK for: body-parser@1.20.3 want: 2.0.0
141 silly placeDep ROOT iconv-lite@0.4.24 OK for: body-parser@1.20.3 want: 0.4.24
142 silly placeDep ROOT on-finished@2.4.1 OK for: body-parser@1.20.3 want: 2.4.1
143 silly placeDep ROOT qs@6.13.0 OK for: body-parser@1.20.3 want: 6.13.0
144 silly placeDep ROOT raw-body@2.5.2 OK for: body-parser@1.20.3 want: 2.5.2
145 silly placeDep ROOT type-is@1.6.18 OK for: body-parser@1.20.3 want: ~1.6.18
146 silly placeDep ROOT unpipe@1.0.0 OK for: body-parser@1.20.3 want: 1.0.0
147 silly fetch manifest ms@2.0.0
148 silly fetch manifest inherits@2.0.4
149 silly fetch manifest toidentifier@1.0.1
150 silly fetch manifest safer-buffer@>= 2.1.2 < 3
151 silly fetch manifest ee-first@1.1.1
152 silly fetch manifest side-channel@^1.0.6
153 silly fetch manifest mime-types@~2.1.24
154 silly fetch manifest media-typer@0.3.0
155 http fetch GET 200 https://registry.npmjs.org/safer-buffer 59ms (cache miss)
156 http fetch GET 200 https://registry.npmjs.org/toidentifier 60ms (cache miss)
157 http fetch GET 200 https://registry.npmjs.org/ee-first 59ms (cache miss)
158 http fetch GET 200 https://registry.npmjs.org/side-channel 60ms (cache miss)
159 http fetch GET 200 https://registry.npmjs.org/inherits 62ms (cache miss)
160 http fetch GET 200 https://registry.npmjs.org/media-typer 60ms (cache miss)
161 http fetch GET 200 https://registry.npmjs.org/ms 71ms (cache miss)
162 timing idealTree:node_modules/body-parser Completed in 87ms
163 timing idealTree:node_modules/bytes Completed in 0ms
164 timing idealTree:node_modules/content-type Completed in 0ms
165 silly placeDep ROOT ms@2.0.0 OK for: debug@2.6.9 want: 2.0.0
166 timing idealTree:node_modules/debug Completed in 2ms
167 timing idealTree:node_modules/depd Completed in 0ms
168 timing idealTree:node_modules/destroy Completed in 0ms
169 silly placeDep ROOT accepts@1.3.8 OK for: express@4.21.0 want: ~1.3.8
170 silly placeDep ROOT array-flatten@1.1.1 OK for: express@4.21.0 want: 1.1.1
171 silly placeDep ROOT content-disposition@0.5.4 OK for: express@4.21.0 want: 0.5.4
172 silly placeDep ROOT cookie@0.6.0 OK for: express@4.21.0 want: 0.6.0
173 silly placeDep ROOT cookie-signature@1.0.6 OK for: express@4.21.0 want: 1.0.6
174 silly placeDep ROOT encodeurl@2.0.0 OK for: express@4.21.0 want: ~2.0.0
175 silly placeDep ROOT escape-html@1.0.3 OK for: express@4.21.0 want: ~1.0.3
176 silly placeDep ROOT etag@1.8.1 OK for: express@4.21.0 want: ~1.8.1
177 silly placeDep ROOT finalhandler@1.3.1 OK for: express@4.21.0 want: 1.3.1
178 silly placeDep ROOT fresh@0.5.2 OK for: express@4.21.0 want: 0.5.2
179 silly placeDep ROOT merge-descriptors@1.0.3 OK for: express@4.21.0 want: 1.0.3
180 silly placeDep ROOT methods@1.1.2 OK for: express@4.21.0 want: ~1.1.2
181 silly placeDep ROOT parseurl@1.3.3 OK for: express@4.21.0 want: ~1.3.3
182 silly placeDep ROOT path-to-regexp@0.1.10 OK for: express@4.21.0 want: 0.1.10
183 silly placeDep ROOT proxy-addr@2.0.7 OK for: express@4.21.0 want: ~2.0.7
184 silly placeDep ROOT range-parser@1.2.1 OK for: express@4.21.0 want: ~1.2.1
185 silly placeDep ROOT safe-buffer@5.2.1 OK for: express@4.21.0 want: 5.2.1
186 silly placeDep ROOT send@0.19.0 OK for: express@4.21.0 want: 0.19.0
187 silly placeDep ROOT serve-static@1.16.2 OK for: express@4.21.0 want: 1.16.2
188 silly placeDep ROOT setprototypeof@1.2.0 OK for: express@4.21.0 want: 1.2.0
189 silly placeDep ROOT statuses@2.0.1 OK for: express@4.21.0 want: 2.0.1
190 silly placeDep ROOT utils-merge@1.0.1 OK for: express@4.21.0 want: 1.0.1
191 silly placeDep ROOT vary@1.1.2 OK for: express@4.21.0 want: ~1.1.2
192 silly fetch manifest mime-types@~2.1.34
193 silly fetch manifest negotiator@0.6.3
194 silly fetch manifest forwarded@0.2.0
195 silly fetch manifest ipaddr.js@1.9.1
196 silly fetch manifest ms@2.1.3
197 silly fetch manifest mime@1.6.0
198 silly fetch manifest encodeurl@~1.0.2
199 http fetch GET 200 https://registry.npmjs.org/forwarded 47ms (cache miss)
200 http fetch GET 200 https://registry.npmjs.org/mime 58ms (cache miss)
201 http fetch GET 200 https://registry.npmjs.org/negotiator 61ms (cache miss)
202 http fetch GET 200 https://registry.npmjs.org/ipaddr.js 61ms (cache miss)
203 timing idealTree:node_modules/express Completed in 90ms
204 silly placeDep ROOT mime-types@2.1.35 OK for: accepts@1.3.8 want: ~2.1.34
205 silly placeDep ROOT negotiator@0.6.3 OK for: accepts@1.3.8 want: 0.6.3
206 silly fetch manifest mime-db@1.52.0
207 http fetch GET 200 https://registry.npmjs.org/mime-db 58ms (cache miss)
208 timing idealTree:node_modules/accepts Completed in 61ms
209 timing idealTree:node_modules/array-flatten Completed in 0ms
210 timing idealTree:node_modules/content-disposition Completed in 0ms
211 timing idealTree:node_modules/cookie Completed in 0ms
212 timing idealTree:node_modules/cookie-signature Completed in 0ms
213 timing idealTree:node_modules/encodeurl Completed in 0ms
214 timing idealTree:node_modules/escape-html Completed in 0ms
215 timing idealTree:node_modules/etag Completed in 0ms
216 timing idealTree:node_modules/finalhandler Completed in 0ms
217 timing idealTree:node_modules/follow-redirects Completed in 0ms
218 silly placeDep ROOT asynckit@0.4.0 OK for: form-data@4.0.0 want: ^0.4.0
219 silly placeDep ROOT combined-stream@1.0.8 OK for: form-data@4.0.0 want: ^1.0.8
220 silly fetch manifest delayed-stream@~1.0.0
221 http fetch GET 200 https://registry.npmjs.org/delayed-stream 43ms (cache miss)
222 timing idealTree:node_modules/form-data Completed in 47ms
223 timing idealTree:node_modules/asynckit Completed in 0ms
224 silly placeDep ROOT delayed-stream@1.0.0 OK for: combined-stream@1.0.8 want: ~1.0.0
225 timing idealTree:node_modules/combined-stream Completed in 1ms
226 timing idealTree:node_modules/delayed-stream Completed in 0ms
227 timing idealTree:node_modules/fresh Completed in 0ms
228 silly placeDep ROOT inherits@2.0.4 OK for: http-errors@2.0.0 want: 2.0.4
229 silly placeDep ROOT toidentifier@1.0.1 OK for: http-errors@2.0.0 want: 1.0.1
230 timing idealTree:node_modules/http-errors Completed in 2ms
231 silly placeDep ROOT safer-buffer@2.1.2 OK for: iconv-lite@0.4.24 want: >= 2.1.2 < 3
232 timing idealTree:node_modules/iconv-lite Completed in 2ms
233 timing idealTree:node_modules/inherits Completed in 0ms
234 timing idealTree:node_modules/merge-descriptors Completed in 0ms
235 timing idealTree:node_modules/methods Completed in 0ms
236 silly placeDep ROOT mime-db@1.52.0 OK for: mime-types@2.1.35 want: 1.52.0
237 timing idealTree:node_modules/mime-types Completed in 1ms
238 timing idealTree:node_modules/mime-db Completed in 0ms
239 timing idealTree:node_modules/ms Completed in 0ms
240 timing idealTree:node_modules/negotiator Completed in 0ms
241 silly placeDep ROOT ee-first@1.1.1 OK for: on-finished@2.4.1 want: 1.1.1
242 timing idealTree:node_modules/on-finished Completed in 7ms
243 timing idealTree:node_modules/ee-first Completed in 0ms
244 timing idealTree:node_modules/parseurl Completed in 0ms
245 timing idealTree:node_modules/path-to-regexp Completed in 0ms
246 silly placeDep ROOT forwarded@0.2.0 OK for: proxy-addr@2.0.7 want: 0.2.0
247 silly placeDep ROOT ipaddr.js@1.9.1 OK for: proxy-addr@2.0.7 want: 1.9.1
248 timing idealTree:node_modules/proxy-addr Completed in 2ms
249 timing idealTree:node_modules/forwarded Completed in 0ms
250 timing idealTree:node_modules/ipaddr.js Completed in 0ms
251 timing idealTree:node_modules/proxy-from-env Completed in 0ms
252 silly placeDep ROOT side-channel@1.0.6 OK for: qs@6.13.0 want: ^1.0.6
253 silly fetch manifest call-bind@^1.0.7
254 silly fetch manifest es-errors@^1.3.0
255 silly fetch manifest get-intrinsic@^1.2.4
256 silly fetch manifest object-inspect@^1.13.1
257 http fetch GET 200 https://registry.npmjs.org/es-errors 43ms (cache miss)
258 http fetch GET 200 https://registry.npmjs.org/object-inspect 43ms (cache miss)
259 http fetch GET 200 https://registry.npmjs.org/call-bind 51ms (cache miss)
260 http fetch GET 200 https://registry.npmjs.org/get-intrinsic 55ms (cache miss)
261 timing idealTree:node_modules/qs Completed in 59ms
262 timing idealTree:node_modules/range-parser Completed in 0ms
263 timing idealTree:node_modules/raw-body Completed in 0ms
264 timing idealTree:node_modules/safe-buffer Completed in 0ms
265 timing idealTree:node_modules/safer-buffer Completed in 0ms
266 silly placeDep node_modules/send encodeurl@1.0.2 OK for: send@0.19.0 want: ~1.0.2
267 silly placeDep ROOT mime@1.6.0 OK for: send@0.19.0 want: 1.6.0
268 silly placeDep node_modules/send ms@2.1.3 OK for: send@0.19.0 want: 2.1.3
269 timing idealTree:node_modules/send Completed in 5ms
270 timing idealTree:node_modules/mime Completed in 0ms
271 timing idealTree:node_modules/serve-static Completed in 0ms
272 timing idealTree:node_modules/setprototypeof Completed in 0ms
273 silly placeDep ROOT call-bind@1.0.7 OK for: side-channel@1.0.6 want: ^1.0.7
274 silly placeDep ROOT es-errors@1.3.0 OK for: side-channel@1.0.6 want: ^1.3.0
275 silly placeDep ROOT get-intrinsic@1.2.4 OK for: side-channel@1.0.6 want: ^1.2.4
276 silly placeDep ROOT object-inspect@1.13.2 OK for: side-channel@1.0.6 want: ^1.13.1
277 silly fetch manifest es-define-property@^1.0.0
278 silly fetch manifest function-bind@^1.1.2
279 silly fetch manifest set-function-length@^1.2.1
280 silly fetch manifest has-proto@^1.0.1
281 silly fetch manifest has-symbols@^1.0.3
282 silly fetch manifest hasown@^2.0.0
283 http fetch GET 200 https://registry.npmjs.org/es-define-property 57ms (cache miss)
284 http fetch GET 200 https://registry.npmjs.org/hasown 58ms (cache miss)
285 http fetch GET 200 https://registry.npmjs.org/has-proto 60ms (cache miss)
286 http fetch GET 200 https://registry.npmjs.org/set-function-length 62ms (cache miss)
287 http fetch GET 200 https://registry.npmjs.org/function-bind 62ms (cache miss)
288 http fetch GET 200 https://registry.npmjs.org/has-symbols 67ms (cache miss)
289 timing idealTree:node_modules/side-channel Completed in 79ms
290 silly placeDep ROOT es-define-property@1.0.0 OK for: call-bind@1.0.7 want: ^1.0.0
291 silly placeDep ROOT function-bind@1.1.2 OK for: call-bind@1.0.7 want: ^1.1.2
292 silly placeDep ROOT set-function-length@1.2.2 OK for: call-bind@1.0.7 want: ^1.2.1
293 silly fetch manifest define-data-property@^1.1.4
294 silly fetch manifest gopd@^1.0.1
295 silly fetch manifest has-property-descriptors@^1.0.2
296 http fetch GET 200 https://registry.npmjs.org/gopd 51ms (cache miss)
297 http fetch GET 200 https://registry.npmjs.org/has-property-descriptors 53ms (cache miss)
298 http fetch GET 200 https://registry.npmjs.org/define-data-property 55ms (cache miss)
299 timing idealTree:node_modules/call-bind Completed in 60ms
300 timing idealTree:node_modules/es-define-property Completed in 0ms
301 timing idealTree:node_modules/es-errors Completed in 0ms
302 timing idealTree:node_modules/function-bind Completed in 0ms
303 silly placeDep ROOT has-proto@1.0.3 OK for: get-intrinsic@1.2.4 want: ^1.0.1
304 silly placeDep ROOT has-symbols@1.0.3 OK for: get-intrinsic@1.2.4 want: ^1.0.3
305 silly placeDep ROOT hasown@2.0.2 OK for: get-intrinsic@1.2.4 want: ^2.0.0
306 timing idealTree:node_modules/get-intrinsic Completed in 3ms
307 timing idealTree:node_modules/has-proto Completed in 0ms
308 timing idealTree:node_modules/has-symbols Completed in 0ms
309 timing idealTree:node_modules/hasown Completed in 0ms
310 timing idealTree:node_modules/object-inspect Completed in 0ms
311 silly placeDep ROOT define-data-property@1.1.4 OK for: set-function-length@1.2.2 want: ^1.1.4
312 silly placeDep ROOT gopd@1.0.1 OK for: set-function-length@1.2.2 want: ^1.0.1
313 silly placeDep ROOT has-property-descriptors@1.0.2 OK for: set-function-length@1.2.2 want: ^1.0.2
314 timing idealTree:node_modules/set-function-length Completed in 3ms
315 timing idealTree:node_modules/define-data-property Completed in 0ms
316 timing idealTree:node_modules/gopd Completed in 0ms
317 timing idealTree:node_modules/has-property-descriptors Completed in 0ms
318 timing idealTree:node_modules/statuses Completed in 0ms
319 timing idealTree:node_modules/toidentifier Completed in 0ms
320 silly placeDep ROOT media-typer@0.3.0 OK for: type-is@1.6.18 want: 0.3.0
321 timing idealTree:node_modules/type-is Completed in 6ms
322 timing idealTree:node_modules/media-typer Completed in 0ms
323 timing idealTree:node_modules/unpipe Completed in 1ms
324 timing idealTree:node_modules/utils-merge Completed in 0ms
325 timing idealTree:node_modules/vary Completed in 0ms
326 timing idealTree:node_modules/send/node_modules/encodeurl Completed in 0ms
327 timing idealTree:node_modules/send/node_modules/ms Completed in 0ms
328 timing idealTree:buildDeps Completed in 1201ms
329 timing idealTree:fixDepFlags Completed in 1ms
330 timing idealTree Completed in 1225ms
331 timing reify:loadTrees Completed in 1226ms
332 timing reify:diffTrees Completed in 2ms
333 silly reify moves {}
334 timing reify:retireShallow Completed in 1ms
335 timing reify:createSparse Completed in 7ms
336 timing reify:loadBundles Completed in 0ms
337 silly audit bulk request {
337 silly audit   axios: [ '1.7.7' ],
337 silly audit   'body-parser': [ '1.20.3' ],
337 silly audit   express: [ '4.21.0' ],
337 silly audit   'follow-redirects': [ '1.15.9' ],
337 silly audit   'form-data': [ '4.0.0' ],
337 silly audit   'proxy-from-env': [ '1.1.0' ],
337 silly audit   bytes: [ '3.1.2' ],
337 silly audit   'content-type': [ '1.0.5' ],
337 silly audit   debug: [ '2.6.9' ],
337 silly audit   depd: [ '2.0.0' ],
337 silly audit   destroy: [ '1.2.0' ],
337 silly audit   'http-errors': [ '2.0.0' ],
337 silly audit   'iconv-lite': [ '0.4.24' ],
337 silly audit   'on-finished': [ '2.4.1' ],
337 silly audit   qs: [ '6.13.0' ],
337 silly audit   'raw-body': [ '2.5.2' ],
337 silly audit   'type-is': [ '1.6.18' ],
337 silly audit   unpipe: [ '1.0.0' ],
337 silly audit   ms: [ '2.0.0', '2.1.3' ],
337 silly audit   accepts: [ '1.3.8' ],
337 silly audit   'array-flatten': [ '1.1.1' ],
337 silly audit   'content-disposition': [ '0.5.4' ],
337 silly audit   cookie: [ '0.6.0' ],
337 silly audit   'cookie-signature': [ '1.0.6' ],
337 silly audit   encodeurl: [ '2.0.0', '1.0.2' ],
337 silly audit   'escape-html': [ '1.0.3' ],
337 silly audit   etag: [ '1.8.1' ],
337 silly audit   finalhandler: [ '1.3.1' ],
337 silly audit   fresh: [ '0.5.2' ],
337 silly audit   'merge-descriptors': [ '1.0.3' ],
337 silly audit   methods: [ '1.1.2' ],
337 silly audit   parseurl: [ '1.3.3' ],
337 silly audit   'path-to-regexp': [ '0.1.10' ],
337 silly audit   'proxy-addr': [ '2.0.7' ],
337 silly audit   'range-parser': [ '1.2.1' ],
337 silly audit   'safe-buffer': [ '5.2.1' ],
337 silly audit   send: [ '0.19.0' ],
337 silly audit   'serve-static': [ '1.16.2' ],
337 silly audit   setprototypeof: [ '1.2.0' ],
337 silly audit   statuses: [ '2.0.1' ],
337 silly audit   'utils-merge': [ '1.0.1' ],
337 silly audit   vary: [ '1.1.2' ],
337 silly audit   'mime-types': [ '2.1.35' ],
337 silly audit   negotiator: [ '0.6.3' ],
337 silly audit   asynckit: [ '0.4.0' ],
337 silly audit   'combined-stream': [ '1.0.8' ],
337 silly audit   'delayed-stream': [ '1.0.0' ],
337 silly audit   inherits: [ '2.0.4' ],
337 silly audit   toidentifier: [ '1.0.1' ],
337 silly audit   'safer-buffer': [ '2.1.2' ],
337 silly audit   'mime-db': [ '1.52.0' ],
337 silly audit   'ee-first': [ '1.1.1' ],
337 silly audit   forwarded: [ '0.2.0' ],
337 silly audit   'ipaddr.js': [ '1.9.1' ],
337 silly audit   'side-channel': [ '1.0.6' ],
337 silly audit   mime: [ '1.6.0' ],
337 silly audit   'call-bind': [ '1.0.7' ],
337 silly audit   'es-errors': [ '1.3.0' ],
337 silly audit   'get-intrinsic': [ '1.2.4' ],
337 silly audit   'object-inspect': [ '1.13.2' ],
337 silly audit   'es-define-property': [ '1.0.0' ],
337 silly audit   'function-bind': [ '1.1.2' ],
337 silly audit   'set-function-length': [ '1.2.2' ],
337 silly audit   'has-proto': [ '1.0.3' ],
337 silly audit   'has-symbols': [ '1.0.3' ],
337 silly audit   hasown: [ '2.0.2' ],
337 silly audit   'define-data-property': [ '1.1.4' ],
337 silly audit   gopd: [ '1.0.1' ],
337 silly audit   'has-property-descriptors': [ '1.0.2' ],
337 silly audit   'media-typer': [ '0.3.0' ]
337 silly audit }
338 silly tarball no local data for media-typer@https://registry.npmjs.org/media-typer/-/media-typer-0.3.0.tgz. Extracting by manifest.
339 silly tarball no local data for has-property-descriptors@https://registry.npmjs.org/has-property-descriptors/-/has-property-descriptors-1.0.2.tgz. Extracting by manifest.
340 silly tarball no local data for gopd@https://registry.npmjs.org/gopd/-/gopd-1.0.1.tgz. Extracting by manifest.
341 silly tarball no local data for define-data-property@https://registry.npmjs.org/define-data-property/-/define-data-property-1.1.4.tgz. Extracting by manifest.
342 silly tarball no local data for hasown@https://registry.npmjs.org/hasown/-/hasown-2.0.2.tgz. Extracting by manifest.
343 silly tarball no local data for has-symbols@https://registry.npmjs.org/has-symbols/-/has-symbols-1.0.3.tgz. Extracting by manifest.
344 silly tarball no local data for has-proto@https://registry.npmjs.org/has-proto/-/has-proto-1.0.3.tgz. Extracting by manifest.
345 silly tarball no local data for set-function-length@https://registry.npmjs.org/set-function-length/-/set-function-length-1.2.2.tgz. Extracting by manifest.
346 silly tarball no local data for function-bind@https://registry.npmjs.org/function-bind/-/function-bind-1.1.2.tgz. Extracting by manifest.
347 silly tarball no local data for es-define-property@https://registry.npmjs.org/es-define-property/-/es-define-property-1.0.0.tgz. Extracting by manifest.
348 silly tarball no local data for object-inspect@https://registry.npmjs.org/object-inspect/-/object-inspect-1.13.2.tgz. Extracting by manifest.
349 silly tarball no local data for get-intrinsic@https://registry.npmjs.org/get-intrinsic/-/get-intrinsic-1.2.4.tgz. Extracting by manifest.
350 silly tarball no local data for es-errors@https://registry.npmjs.org/es-errors/-/es-errors-1.3.0.tgz. Extracting by manifest.
351 silly tarball no local data for call-bind@https://registry.npmjs.org/call-bind/-/call-bind-1.0.7.tgz. Extracting by manifest.
352 silly tarball no local data for mime@https://registry.npmjs.org/mime/-/mime-1.6.0.tgz. Extracting by manifest.
353 silly tarball no local data for side-channel@https://registry.npmjs.org/side-channel/-/side-channel-1.0.6.tgz. Extracting by manifest.
354 silly tarball no local data for ipaddr.js@https://registry.npmjs.org/ipaddr.js/-/ipaddr.js-1.9.1.tgz. Extracting by manifest.
355 silly tarball no local data for forwarded@https://registry.npmjs.org/forwarded/-/forwarded-0.2.0.tgz. Extracting by manifest.
356 silly tarball no local data for ee-first@https://registry.npmjs.org/ee-first/-/ee-first-1.1.1.tgz. Extracting by manifest.
357 silly tarball no local data for mime-db@https://registry.npmjs.org/mime-db/-/mime-db-1.52.0.tgz. Extracting by manifest.
358 silly tarball no local data for safer-buffer@https://registry.npmjs.org/safer-buffer/-/safer-buffer-2.1.2.tgz. Extracting by manifest.
359 silly tarball no local data for toidentifier@https://registry.npmjs.org/toidentifier/-/toidentifier-1.0.1.tgz. Extracting by manifest.
360 silly tarball no local data for inherits@https://registry.npmjs.org/inherits/-/inherits-2.0.4.tgz. Extracting by manifest.
361 silly tarball no local data for delayed-stream@https://registry.npmjs.org/delayed-stream/-/delayed-stream-1.0.0.tgz. Extracting by manifest.
362 silly tarball no local data for combined-stream@https://registry.npmjs.org/combined-stream/-/combined-stream-1.0.8.tgz. Extracting by manifest.
363 silly tarball no local data for asynckit@https://registry.npmjs.org/asynckit/-/asynckit-0.4.0.tgz. Extracting by manifest.
364 silly tarball no local data for negotiator@https://registry.npmjs.org/negotiator/-/negotiator-0.6.3.tgz. Extracting by manifest.
365 silly tarball no local data for mime-types@https://registry.npmjs.org/mime-types/-/mime-types-2.1.35.tgz. Extracting by manifest.
366 silly tarball no local data for vary@https://registry.npmjs.org/vary/-/vary-1.1.2.tgz. Extracting by manifest.
367 silly tarball no local data for utils-merge@https://registry.npmjs.org/utils-merge/-/utils-merge-1.0.1.tgz. Extracting by manifest.
368 silly tarball no local data for statuses@https://registry.npmjs.org/statuses/-/statuses-2.0.1.tgz. Extracting by manifest.
369 silly tarball no local data for setprototypeof@https://registry.npmjs.org/setprototypeof/-/setprototypeof-1.2.0.tgz. Extracting by manifest.
370 silly tarball no local data for serve-static@https://registry.npmjs.org/serve-static/-/serve-static-1.16.2.tgz. Extracting by manifest.
371 silly tarball no local data for send@https://registry.npmjs.org/send/-/send-0.19.0.tgz. Extracting by manifest.
372 silly tarball no local data for safe-buffer@https://registry.npmjs.org/safe-buffer/-/safe-buffer-5.2.1.tgz. Extracting by manifest.
373 silly tarball no local data for range-parser@https://registry.npmjs.org/range-parser/-/range-parser-1.2.1.tgz. Extracting by manifest.
374 silly tarball no local data for proxy-addr@https://registry.npmjs.org/proxy-addr/-/proxy-addr-2.0.7.tgz. Extracting by manifest.
375 silly tarball no local data for path-to-regexp@https://registry.npmjs.org/path-to-regexp/-/path-to-regexp-0.1.10.tgz. Extracting by manifest.
376 silly tarball no local data for parseurl@https://registry.npmjs.org/parseurl/-/parseurl-1.3.3.tgz. Extracting by manifest.
377 silly tarball no local data for methods@https://registry.npmjs.org/methods/-/methods-1.1.2.tgz. Extracting by manifest.
378 silly tarball no local data for merge-descriptors@https://registry.npmjs.org/merge-descriptors/-/merge-descriptors-1.0.3.tgz. Extracting by manifest.
379 silly tarball no local data for fresh@https://registry.npmjs.org/fresh/-/fresh-0.5.2.tgz. Extracting by manifest.
380 silly tarball no local data for finalhandler@https://registry.npmjs.org/finalhandler/-/finalhandler-1.3.1.tgz. Extracting by manifest.
381 silly tarball no local data for etag@https://registry.npmjs.org/etag/-/etag-1.8.1.tgz. Extracting by manifest.
382 silly tarball no local data for escape-html@https://registry.npmjs.org/escape-html/-/escape-html-1.0.3.tgz. Extracting by manifest.
383 silly tarball no local data for encodeurl@https://registry.npmjs.org/encodeurl/-/encodeurl-2.0.0.tgz. Extracting by manifest.
384 silly tarball no local data for cookie-signature@https://registry.npmjs.org/cookie-signature/-/cookie-signature-1.0.6.tgz. Extracting by manifest.
385 silly tarball no local data for cookie@https://registry.npmjs.org/cookie/-/cookie-0.6.0.tgz. Extracting by manifest.
386 silly tarball no local data for content-disposition@https://registry.npmjs.org/content-disposition/-/content-disposition-0.5.4.tgz. Extracting by manifest.
387 silly tarball no local data for array-flatten@https://registry.npmjs.org/array-flatten/-/array-flatten-1.1.1.tgz. Extracting by manifest.
388 silly tarball no local data for accepts@https://registry.npmjs.org/accepts/-/accepts-1.3.8.tgz. Extracting by manifest.
389 silly tarball no local data for ms@https://registry.npmjs.org/ms/-/ms-2.0.0.tgz. Extracting by manifest.
390 silly tarball no local data for unpipe@https://registry.npmjs.org/unpipe/-/unpipe-1.0.0.tgz. Extracting by manifest.
391 silly tarball no local data for raw-body@https://registry.npmjs.org/raw-body/-/raw-body-2.5.2.tgz. Extracting by manifest.
392 silly tarball no local data for qs@https://registry.npmjs.org/qs/-/qs-6.13.0.tgz. Extracting by manifest.
393 silly tarball no local data for on-finished@https://registry.npmjs.org/on-finished/-/on-finished-2.4.1.tgz. Extracting by manifest.
394 silly tarball no local data for type-is@https://registry.npmjs.org/type-is/-/type-is-1.6.18.tgz. Extracting by manifest.
395 silly tarball no local data for iconv-lite@https://registry.npmjs.org/iconv-lite/-/iconv-lite-0.4.24.tgz. Extracting by manifest.
396 silly tarball no local data for http-errors@https://registry.npmjs.org/http-errors/-/http-errors-2.0.0.tgz. Extracting by manifest.
397 silly tarball no local data for destroy@https://registry.npmjs.org/destroy/-/destroy-1.2.0.tgz. Extracting by manifest.
398 silly tarball no local data for depd@https://registry.npmjs.org/depd/-/depd-2.0.0.tgz. Extracting by manifest.
399 silly tarball no local data for debug@https://registry.npmjs.org/debug/-/debug-2.6.9.tgz. Extracting by manifest.
400 silly tarball no local data for content-type@https://registry.npmjs.org/content-type/-/content-type-1.0.5.tgz. Extracting by manifest.
401 silly tarball no local data for bytes@https://registry.npmjs.org/bytes/-/bytes-3.1.2.tgz. Extracting by manifest.
402 silly tarball no local data for proxy-from-env@https://registry.npmjs.org/proxy-from-env/-/proxy-from-env-1.1.0.tgz. Extracting by manifest.
403 silly tarball no local data for form-data@https://registry.npmjs.org/form-data/-/form-data-4.0.0.tgz. Extracting by manifest.
404 silly tarball no local data for follow-redirects@https://registry.npmjs.org/follow-redirects/-/follow-redirects-1.15.9.tgz. Extracting by manifest.
405 silly tarball no local data for express@https://registry.npmjs.org/express/-/express-4.21.0.tgz. Extracting by manifest.
406 silly tarball no local data for body-parser@https://registry.npmjs.org/body-parser/-/body-parser-1.20.3.tgz. Extracting by manifest.
407 silly tarball no local data for axios@https://registry.npmjs.org/axios/-/axios-1.7.7.tgz. Extracting by manifest.
408 silly tarball no local data for ms@https://registry.npmjs.org/ms/-/ms-2.1.3.tgz. Extracting by manifest.
409 silly tarball no local data for encodeurl@https://registry.npmjs.org/encodeurl/-/encodeurl-1.0.2.tgz. Extracting by manifest.
410 http fetch POST 200 https://registry.npmjs.org/-/npm/v1/security/advisories/bulk 328ms
411 timing auditReport:getReport Completed in 332ms
412 silly audit report {}
413 timing auditReport:init Completed in 0ms
414 timing reify:audit Completed in 333ms
415 http fetch GET 200 https://registry.npmjs.org/gopd/-/gopd-1.0.1.tgz 351ms (cache miss)
416 timing reifyNode:node_modules/gopd Completed in 418ms
417 http fetch GET 200 https://registry.npmjs.org/media-typer/-/media-typer-0.3.0.tgz 398ms (cache miss)
418 timing reifyNode:node_modules/media-typer Completed in 438ms
419 http fetch GET 200 https://registry.npmjs.org/has-property-descriptors/-/has-property-descriptors-1.0.2.tgz 476ms (cache miss)
420 timing reifyNode:node_modules/has-property-descriptors Completed in 537ms
421 http fetch GET 200 https://registry.npmjs.org/hasown/-/hasown-2.0.2.tgz 516ms (cache miss)
422 timing reifyNode:node_modules/hasown Completed in 559ms
423 http fetch GET 200 https://registry.npmjs.org/forwarded/-/forwarded-0.2.0.tgz 497ms (cache miss)
424 timing reifyNode:node_modules/forwarded Completed in 559ms
425 http fetch GET 200 https://registry.npmjs.org/side-channel/-/side-channel-1.0.6.tgz 549ms (cache miss)
426 http fetch GET 200 https://registry.npmjs.org/es-define-property/-/es-define-property-1.0.0.tgz 569ms (cache miss)
427 http fetch GET 200 https://registry.npmjs.org/has-symbols/-/has-symbols-1.0.3.tgz 584ms (cache miss)
428 http fetch GET 200 https://registry.npmjs.org/has-proto/-/has-proto-1.0.3.tgz 581ms (cache miss)
429 timing reifyNode:node_modules/has-proto Completed in 629ms
430 http fetch GET 200 https://registry.npmjs.org/toidentifier/-/toidentifier-1.0.1.tgz 564ms (cache miss)
431 timing reifyNode:node_modules/toidentifier Completed in 629ms
432 http fetch GET 200 https://registry.npmjs.org/ee-first/-/ee-first-1.1.1.tgz 567ms (cache miss)
433 timing reifyNode:node_modules/ee-first Completed in 630ms
434 http fetch GET 200 https://registry.npmjs.org/negotiator/-/negotiator-0.6.3.tgz 556ms (cache miss)
435 http fetch GET 200 https://registry.npmjs.org/setprototypeof/-/setprototypeof-1.2.0.tgz 552ms (cache miss)
436 timing reifyNode:node_modules/setprototypeof Completed in 630ms
437 http fetch GET 200 https://registry.npmjs.org/function-bind/-/function-bind-1.1.2.tgz 589ms (cache miss)
438 timing reifyNode:node_modules/side-channel Completed in 639ms
439 http fetch GET 200 https://registry.npmjs.org/mime/-/mime-1.6.0.tgz 580ms (cache miss)
440 http fetch GET 200 https://registry.npmjs.org/mime-types/-/mime-types-2.1.35.tgz 565ms (cache miss)
441 timing reifyNode:node_modules/mime-types Completed in 639ms
442 http fetch GET 200 https://registry.npmjs.org/utils-merge/-/utils-merge-1.0.1.tgz 563ms (cache miss)
443 timing reifyNode:node_modules/utils-merge Completed in 639ms
444 timing reifyNode:node_modules/es-define-property Completed in 646ms
445 http fetch GET 200 https://registry.npmjs.org/inherits/-/inherits-2.0.4.tgz 581ms (cache miss)
446 timing reifyNode:node_modules/inherits Completed in 647ms
447 http fetch GET 200 https://registry.npmjs.org/safe-buffer/-/safe-buffer-5.2.1.tgz 561ms (cache miss)
448 timing reifyNode:node_modules/safe-buffer Completed in 647ms
449 timing reifyNode:node_modules/has-symbols Completed in 653ms
450 http fetch GET 200 https://registry.npmjs.org/set-function-length/-/set-function-length-1.2.2.tgz 604ms (cache miss)
451 timing reifyNode:node_modules/set-function-length Completed in 653ms
452 timing reifyNode:node_modules/negotiator Completed in 652ms
453 http fetch GET 200 https://registry.npmjs.org/statuses/-/statuses-2.0.1.tgz 575ms (cache miss)
454 timing reifyNode:node_modules/statuses Completed in 653ms
455 http fetch GET 200 https://registry.npmjs.org/path-to-regexp/-/path-to-regexp-0.1.10.tgz 563ms (cache miss)
456 timing reifyNode:node_modules/path-to-regexp Completed in 654ms
457 http fetch GET 200 https://registry.npmjs.org/methods/-/methods-1.1.2.tgz 562ms (cache miss)
458 timing reifyNode:node_modules/methods Completed in 654ms
459 http fetch GET 200 https://registry.npmjs.org/range-parser/-/range-parser-1.2.1.tgz 567ms (cache miss)
460 timing reifyNode:node_modules/range-parser Completed in 654ms
461 http fetch GET 200 https://registry.npmjs.org/encodeurl/-/encodeurl-2.0.0.tgz 535ms (cache miss)
462 timing reifyNode:node_modules/encodeurl Completed in 655ms
463 http fetch GET 200 https://registry.npmjs.org/define-data-property/-/define-data-property-1.1.4.tgz 617ms (cache miss)
464 timing reifyNode:node_modules/define-data-property Completed in 659ms
465 http fetch GET 200 https://registry.npmjs.org/es-errors/-/es-errors-1.3.0.tgz 605ms (cache miss)
466 timing reifyNode:node_modules/function-bind Completed in 659ms
467 timing reifyNode:node_modules/mime Completed in 659ms
468 http fetch GET 200 https://registry.npmjs.org/combined-stream/-/combined-stream-1.0.8.tgz 588ms (cache miss)
469 timing reifyNode:node_modules/combined-stream Completed in 660ms
470 http fetch GET 200 https://registry.npmjs.org/vary/-/vary-1.1.2.tgz 584ms (cache miss)
471 timing reifyNode:node_modules/vary Completed in 659ms
472 http fetch GET 200 https://registry.npmjs.org/delayed-stream/-/delayed-stream-1.0.0.tgz 594ms (cache miss)
473 timing reifyNode:node_modules/delayed-stream Completed in 661ms
474 http fetch GET 200 https://registry.npmjs.org/send/-/send-0.19.0.tgz 575ms (cache miss)
475 http fetch GET 200 https://registry.npmjs.org/merge-descriptors/-/merge-descriptors-1.0.3.tgz 567ms (cache miss)
476 timing reifyNode:node_modules/merge-descriptors Completed in 660ms
477 http fetch GET 200 https://registry.npmjs.org/cookie-signature/-/cookie-signature-1.0.6.tgz 540ms (cache miss)
478 timing reifyNode:node_modules/cookie-signature Completed in 661ms
479 http fetch GET 200 https://registry.npmjs.org/call-bind/-/call-bind-1.0.7.tgz 631ms (cache miss)
480 timing reifyNode:node_modules/call-bind Completed in 685ms
481 http fetch GET 200 https://registry.npmjs.org/proxy-addr/-/proxy-addr-2.0.7.tgz 596ms (cache miss)
482 timing reifyNode:node_modules/proxy-addr Completed in 685ms
483 timing reifyNode:node_modules/send Completed in 685ms
484 http fetch GET 200 https://registry.npmjs.org/escape-html/-/escape-html-1.0.3.tgz 568ms (cache miss)
485 timing reifyNode:node_modules/escape-html Completed in 686ms
486 http fetch GET 200 https://registry.npmjs.org/etag/-/etag-1.8.1.tgz 574ms (cache miss)
487 timing reifyNode:node_modules/etag Completed in 686ms
488 http fetch GET 200 https://registry.npmjs.org/fresh/-/fresh-0.5.2.tgz 592ms (cache miss)
489 timing reifyNode:node_modules/fresh Completed in 686ms
490 http fetch GET 200 https://registry.npmjs.org/on-finished/-/on-finished-2.4.1.tgz 554ms (cache miss)
491 timing reifyNode:node_modules/on-finished Completed in 693ms
492 http fetch GET 200 https://registry.npmjs.org/ipaddr.js/-/ipaddr.js-1.9.1.tgz 639ms (cache miss)
493 timing reifyNode:node_modules/ipaddr.js Completed in 700ms
494 http fetch GET 200 https://registry.npmjs.org/destroy/-/destroy-1.2.0.tgz 555ms (cache miss)
495 timing reifyNode:node_modules/destroy Completed in 699ms
496 timing reifyNode:node_modules/es-errors Completed in 703ms
497 http fetch GET 200 https://registry.npmjs.org/get-intrinsic/-/get-intrinsic-1.2.4.tgz 651ms (cache miss)
498 timing reifyNode:node_modules/get-intrinsic Completed in 703ms
499 http fetch GET 200 https://registry.npmjs.org/parseurl/-/parseurl-1.3.3.tgz 611ms (cache miss)
500 timing reifyNode:node_modules/parseurl Completed in 703ms
501 http fetch GET 200 https://registry.npmjs.org/array-flatten/-/array-flatten-1.1.1.tgz 578ms (cache miss)
502 timing reifyNode:node_modules/array-flatten Completed in 702ms
503 http fetch GET 200 https://registry.npmjs.org/accepts/-/accepts-1.3.8.tgz 577ms (cache miss)
504 timing reifyNode:node_modules/accepts Completed in 702ms
505 http fetch GET 200 https://registry.npmjs.org/unpipe/-/unpipe-1.0.0.tgz 569ms (cache miss)
506 timing reifyNode:node_modules/unpipe Completed in 703ms
507 http fetch GET 200 https://registry.npmjs.org/type-is/-/type-is-1.6.18.tgz 563ms (cache miss)
508 timing reifyNode:node_modules/type-is Completed in 703ms
509 http fetch GET 200 https://registry.npmjs.org/form-data/-/form-data-4.0.0.tgz 546ms (cache miss)
510 http fetch GET 200 https://registry.npmjs.org/safer-buffer/-/safer-buffer-2.1.2.tgz 642ms (cache miss)
511 timing reifyNode:node_modules/safer-buffer Completed in 707ms
512 http fetch GET 200 https://registry.npmjs.org/ms/-/ms-2.0.0.tgz 573ms (cache miss)
513 timing reifyNode:node_modules/ms Completed in 706ms
514 http fetch GET 200 https://registry.npmjs.org/serve-static/-/serve-static-1.16.2.tgz 625ms (cache miss)
515 timing reifyNode:node_modules/serve-static Completed in 709ms
516 http fetch GET 200 https://registry.npmjs.org/cookie/-/cookie-0.6.0.tgz 588ms (cache miss)
517 timing reifyNode:node_modules/cookie Completed in 710ms
518 http fetch GET 200 https://registry.npmjs.org/content-disposition/-/content-disposition-0.5.4.tgz 588ms (cache miss)
519 timing reifyNode:node_modules/content-disposition Completed in 711ms
520 http fetch GET 200 https://registry.npmjs.org/http-errors/-/http-errors-2.0.0.tgz 568ms (cache miss)
521 timing reifyNode:node_modules/http-errors Completed in 710ms
522 http fetch GET 200 https://registry.npmjs.org/depd/-/depd-2.0.0.tgz 566ms (cache miss)
523 http fetch GET 200 https://registry.npmjs.org/proxy-from-env/-/proxy-from-env-1.1.0.tgz 554ms (cache miss)
524 http fetch GET 200 https://registry.npmjs.org/follow-redirects/-/follow-redirects-1.15.9.tgz 553ms (cache miss)
525 http fetch GET 200 https://registry.npmjs.org/raw-body/-/raw-body-2.5.2.tgz 577ms (cache miss)
526 timing reifyNode:node_modules/raw-body Completed in 713ms
527 timing reifyNode:node_modules/depd Completed in 714ms
528 timing reifyNode:node_modules/form-data Completed in 714ms
529 timing reifyNode:node_modules/proxy-from-env Completed in 714ms
530 timing reifyNode:node_modules/follow-redirects Completed in 715ms
531 http fetch GET 200 https://registry.npmjs.org/content-type/-/content-type-1.0.5.tgz 563ms (cache miss)
532 timing reifyNode:node_modules/content-type Completed in 716ms
533 http fetch GET 200 https://registry.npmjs.org/encodeurl/-/encodeurl-1.0.2.tgz 541ms (cache miss)
534 timing reifyNode:node_modules/send/node_modules/encodeurl Completed in 719ms
535 http fetch GET 200 https://registry.npmjs.org/asynckit/-/asynckit-0.4.0.tgz 647ms (cache miss)
536 http fetch GET 200 https://registry.npmjs.org/finalhandler/-/finalhandler-1.3.1.tgz 610ms (cache miss)
537 timing reifyNode:node_modules/finalhandler Completed in 720ms
538 http fetch GET 200 https://registry.npmjs.org/bytes/-/bytes-3.1.2.tgz 564ms (cache miss)
539 timing reifyNode:node_modules/bytes Completed in 719ms
540 http fetch GET 200 https://registry.npmjs.org/ms/-/ms-2.1.3.tgz 544ms (cache miss)
541 timing reifyNode:node_modules/send/node_modules/ms Completed in 722ms
542 http fetch GET 200 https://registry.npmjs.org/mime-db/-/mime-db-1.52.0.tgz 659ms (cache miss)
543 timing reifyNode:node_modules/mime-db Completed in 723ms
544 timing reifyNode:node_modules/asynckit Completed in 726ms
545 http fetch GET 200 https://registry.npmjs.org/body-parser/-/body-parser-1.20.3.tgz 568ms (cache miss)
546 http fetch GET 200 https://registry.npmjs.org/debug/-/debug-2.6.9.tgz 580ms (cache miss)
547 timing reifyNode:node_modules/body-parser Completed in 733ms
548 timing reifyNode:node_modules/debug Completed in 735ms
549 http fetch GET 200 https://registry.npmjs.org/qs/-/qs-6.13.0.tgz 614ms (cache miss)
550 timing reifyNode:node_modules/qs Completed in 751ms
551 http fetch GET 200 https://registry.npmjs.org/express/-/express-4.21.0.tgz 591ms (cache miss)
552 timing reifyNode:node_modules/express Completed in 752ms
553 http fetch GET 200 https://registry.npmjs.org/object-inspect/-/object-inspect-1.13.2.tgz 704ms (cache miss)
554 timing reifyNode:node_modules/object-inspect Completed in 755ms
555 http fetch GET 200 https://registry.npmjs.org/iconv-lite/-/iconv-lite-0.4.24.tgz 618ms (cache miss)
556 timing reifyNode:node_modules/iconv-lite Completed in 760ms
557 http fetch GET 200 https://registry.npmjs.org/axios/-/axios-1.7.7.tgz 636ms (cache miss)
558 timing reifyNode:node_modules/axios Completed in 808ms
559 timing reify:unpack Completed in 813ms
560 timing reify:unretire Completed in 0ms
561 timing build:queue Completed in 3ms
562 timing build:link:node_modules/mime Completed in 3ms
563 timing build:link Completed in 3ms
564 timing build:deps Completed in 6ms
565 timing build Completed in 6ms
566 timing reify:build Completed in 7ms
567 timing reify:trash Completed in 0ms
568 timing reify:save Completed in 20ms
569 timing reify Completed in 2094ms
570 silly ADD node_modules/media-typer
571 silly ADD node_modules/has-property-descriptors
572 silly ADD node_modules/gopd
573 silly ADD node_modules/define-data-property
574 silly ADD node_modules/hasown
575 silly ADD node_modules/has-symbols
576 silly ADD node_modules/has-proto
577 silly ADD node_modules/set-function-length
578 silly ADD node_modules/function-bind
579 silly ADD node_modules/es-define-property
580 silly ADD node_modules/object-inspect
581 silly ADD node_modules/get-intrinsic
582 silly ADD node_modules/es-errors
583 silly ADD node_modules/call-bind
584 silly ADD node_modules/mime
585 silly ADD node_modules/side-channel
586 silly ADD node_modules/ipaddr.js
587 silly ADD node_modules/forwarded
588 silly ADD node_modules/ee-first
589 silly ADD node_modules/mime-db
590 silly ADD node_modules/safer-buffer
591 silly ADD node_modules/toidentifier
592 silly ADD node_modules/inherits
593 silly ADD node_modules/delayed-stream
594 silly ADD node_modules/combined-stream
595 silly ADD node_modules/asynckit
596 silly ADD node_modules/negotiator
597 silly ADD node_modules/mime-types
598 silly ADD node_modules/vary
599 silly ADD node_modules/utils-merge
600 silly ADD node_modules/statuses
601 silly ADD node_modules/setprototypeof
602 silly ADD node_modules/serve-static
603 silly ADD node_modules/send
604 silly ADD node_modules/send/node_modules/ms
605 silly ADD node_modules/send/node_modules/encodeurl
606 silly ADD node_modules/safe-buffer
607 silly ADD node_modules/range-parser
608 silly ADD node_modules/proxy-addr
609 silly ADD node_modules/path-to-regexp
610 silly ADD node_modules/parseurl
611 silly ADD node_modules/methods
612 silly ADD node_modules/merge-descriptors
613 silly ADD node_modules/fresh
614 silly ADD node_modules/finalhandler
615 silly ADD node_modules/etag
616 silly ADD node_modules/escape-html
617 silly ADD node_modules/encodeurl
618 silly ADD node_modules/cookie-signature
619 silly ADD node_modules/cookie
620 silly ADD node_modules/content-disposition
621 silly ADD node_modules/array-flatten
622 silly ADD node_modules/accepts
623 silly ADD node_modules/ms
624 silly ADD node_modules/unpipe
625 silly ADD node_modules/type-is
626 silly ADD node_modules/raw-body
627 silly ADD node_modules/qs
628 silly ADD node_modules/on-finished
629 silly ADD node_modules/iconv-lite
630 silly ADD node_modules/http-errors
631 silly ADD node_modules/destroy
632 silly ADD node_modules/depd
633 silly ADD node_modules/debug
634 silly ADD node_modules/content-type
635 silly ADD node_modules/bytes
636 silly ADD node_modules/proxy-from-env
637 silly ADD node_modules/form-data
638 silly ADD node_modules/follow-redirects
639 silly ADD node_modules/express
640 silly ADD node_modules/body-parser
641 silly ADD node_modules/axios
642 timing command:install Completed in 2105ms
643 verbose exit 0
644 timing npm Completed in 2144ms
645 info ok
